<?xml version="1.0" encoding="UTF-8"?>
<!-- Generated by org.testng.reporters.JUnitReportReporter -->
<testsuite hostname="Gopi" failures="0" tests="1" name="TestCases.TC03_PerformancePageTest" time="17.896" errors="0" timestamp="2024-03-05T16:45:54 IST" skipped="0">
  <testcase classname="TestCases.TC03_PerformancePageTest" name="Performace" time="17.896"/>
</testsuite> <!-- TestCases.TC03_PerformancePageTest -->
