<?xml version="1.0" encoding="UTF-8"?>
<!-- Generated by org.testng.reporters.JUnitReportReporter -->
<testsuite hostname="Gopi" failures="0" tests="1" name="TestCases.TC01_LoginTest" time="4.550" errors="0" timestamp="2024-03-05T16:45:54 IST" skipped="0">
  <testcase classname="TestCases.TC01_LoginTest" name="validLogin" time="4.550"/>
</testsuite> <!-- TestCases.TC01_LoginTest -->
