<?xml version="1.0" encoding="UTF-8"?>
<!-- Generated by org.testng.reporters.JUnitReportReporter -->
<testsuite hostname="Gopi" failures="0" tests="1" name="TestCases.TC01_LoginTest" time="2.575" errors="0" timestamp="2024-02-27T21:46:09 IST" skipped="0">
  <testcase classname="TestCases.TC01_LoginTest" name="validLogin" time="2.575"/>
  <system-out/>
</testsuite> <!-- TestCases.TC01_LoginTest -->
